<?xml version="1.0" encoding="UTF-8"?>
<testsuite xmlns:xsi="http://www.w3.org/2001/XMLSchema-instance" xsi:noNamespaceSchemaLocation="https://maven.apache.org/surefire/maven-surefire-plugin/xsd/surefire-test-report.xsd" version="3.0.2" name="com.i2i.wattie.tariff.service.TariffRuleServiceTest" time="0.166" tests="3" errors="0" skipped="0" failures="0" flakes="0">
  <properties>
[...]
</properties>
  <testcase name="checkQuota_whenBelow80Percent_shouldNotTriggerEvents" classname="com.i2i.wattie.tariff.service.TariffRuleServiceTest" time="0.121"/>
  <testcase name="checkQuota_whenReaches80Percent_shouldTriggerQuota80Event" classname="com.i2i.wattie.tariff.service.TariffRuleServiceTest" time="0.03">
    <system-out><![CDATA[11:03:47.628 [main] INFO com.i2i.wattie.tariff.service.TariffRuleService -- Quota 80% reached for homeId 1. Ratio: 0.8500.
]]></system-out>
  </testcase>
  <testcase name="checkQuota_whenReaches100Percent_shouldActivatePenaltyAndTriggerQuota100" classname="com.i2i.wattie.tariff.service.TariffRuleServiceTest" time="0.009">
    <system-out><![CDATA[11:03:47.659 [main] WARN com.i2i.wattie.tariff.service.TariffRuleService -- Quota 100% exceeded for homeId 1. Ratio: 1.0500. Activating penalty tariff.
]]></system-out>
  </testcase>
</testsuite>